<?xml version="1.0" encoding="UTF-8"?>
<Site BuildName="(empty)"
	BuildStamp="20230520-1421-Experimental"
	Name="(empty)"
	Generator="ctest-3.16.3"
	CompilerName=""
	CompilerVersion=""
	OSName="Linux"
	Hostname="stas-IdeaPad-Gaming-3-15ARH05"
	OSRelease="5.15.0-71-generic"
	OSVersion="#78~20.04.1-Ubuntu SMP Wed Apr 19 11:26:48 UTC 2023"
	OSPlatform="x86_64"
	Is64Bits="1"
	VendorString="AuthenticAMD"
	VendorID="Advanced Micro Devices"
	FamilyID="23"
	ModelID="96"
	ProcessorCacheSize="512"
	NumberOfLogicalCPU="16"
	NumberOfPhysicalCPU="8"
	TotalVirtualMemory="2047"
	TotalPhysicalMemory="15363"
	LogicalProcessorsPerPhysical="2"
	ProcessorClockFrequency="1515.68"
	>
	<Testing>
		<StartDateTime>May 20 17:21 MSK</StartDateTime>
		<StartTestTime>1684592499</StartTestTime>
		<TestList/>
		<EndDateTime>May 20 17:21 MSK</EndDateTime>
		<EndTestTime>1684592499</EndTestTime>
		<ElapsedMinutes>0</ElapsedMinutes>
	</Testing>
</Site>
